<?xml version="1.0" encoding="UTF-8"?>
<coverage generated="1547295338081" clover="3.2.0">
  <project timestamp="1547295338081" name="All files">
    <metrics statements="97" coveredstatements="46" conditionals="51" coveredconditionals="8" methods="38" coveredmethods="12" elements="186" coveredelements="66" complexity="0" loc="97" ncloc="97" packages="9" files="13" classes="13">
      <package name="dcreacttest">
        <metrics statements="11" coveredstatements="10" conditionals="2" coveredconditionals="2" methods="5" coveredmethods="4"/>
        <file name="App.js" path="/Users/david/Desktop/dcreacttest/App.js">
          <metrics statements="11" coveredstatements="10" conditionals="2" coveredconditionals="2" methods="5" coveredmethods="4"/>
          <line num="9" count="3" type="stmt"/>
          <line num="17" count="1" type="stmt"/>
          <line num="18" count="1" type="stmt"/>
          <line num="24" count="2" type="stmt"/>
          <line num="33" count="0" type="stmt"/>
          <line num="37" count="1" type="stmt"/>
          <line num="42" count="3" type="stmt"/>
          <line num="43" count="3" type="cond" truecount="2" falsecount="0"/>
          <line num="44" count="1" type="stmt"/>
          <line num="52" count="2" type="stmt"/>
          <line num="63" count="3" type="stmt"/>
        </file>
      </package>
      <package name="dcreacttest.actions">
        <metrics statements="11" coveredstatements="9" conditionals="2" coveredconditionals="0" methods="7" coveredmethods="4"/>
        <file name="actionTypes.js" path="/Users/david/Desktop/dcreacttest/actions/actionTypes.js">
          <metrics statements="3" coveredstatements="3" conditionals="0" coveredconditionals="0" methods="0" coveredmethods="0"/>
          <line num="1" count="5" type="stmt"/>
          <line num="2" count="5" type="stmt"/>
          <line num="3" count="5" type="stmt"/>
        </file>
        <file name="weather.js" path="/Users/david/Desktop/dcreacttest/actions/weather.js">
          <metrics statements="8" coveredstatements="6" conditionals="2" coveredconditionals="0" methods="7" coveredmethods="4"/>
          <line num="4" count="4" type="stmt"/>
          <line num="10" count="4" type="stmt"/>
          <line num="15" count="4" type="stmt"/>
          <line num="20" count="4" type="stmt"/>
          <line num="21" count="1" type="stmt"/>
          <line num="24" count="1" type="stmt"/>
          <line num="27" count="0" type="stmt"/>
          <line num="28" count="0" type="cond" truecount="0" falsecount="2"/>
        </file>
      </package>
      <package name="dcreacttest.components">
        <metrics statements="6" coveredstatements="5" conditionals="6" coveredconditionals="2" methods="2" coveredmethods="1"/>
        <file name="Spinner.js" path="/Users/david/Desktop/dcreacttest/components/Spinner.js">
          <metrics statements="5" coveredstatements="5" conditionals="4" coveredconditionals="2" methods="1" coveredmethods="1"/>
          <line num="5" count="4" type="stmt"/>
          <line num="13" count="4" type="stmt"/>
          <line num="14" count="2" type="stmt"/>
          <line num="19" count="4" type="stmt"/>
          <line num="24" count="4" type="stmt"/>
        </file>
        <file name="TabBarIcon.js" path="/Users/david/Desktop/dcreacttest/components/TabBarIcon.js">
          <metrics statements="1" coveredstatements="0" conditionals="2" coveredconditionals="0" methods="1" coveredmethods="0"/>
          <line num="8" count="0" type="stmt"/>
        </file>
      </package>
      <package name="dcreacttest.constants">
        <metrics statements="1" coveredstatements="1" conditionals="0" coveredconditionals="0" methods="0" coveredmethods="0"/>
        <file name="Colors.js" path="/Users/david/Desktop/dcreacttest/constants/Colors.js">
          <metrics statements="1" coveredstatements="1" conditionals="0" coveredconditionals="0" methods="0" coveredmethods="0"/>
          <line num="1" count="3" type="stmt"/>
        </file>
      </package>
      <package name="dcreacttest.navigation">
        <metrics statements="5" coveredstatements="1" conditionals="0" coveredconditionals="0" methods="4" coveredmethods="0"/>
        <file name="Navigator.js" path="/Users/david/Desktop/dcreacttest/navigation/Navigator.js">
          <metrics statements="5" coveredstatements="1" conditionals="0" coveredconditionals="0" methods="4" coveredmethods="0"/>
          <line num="10" count="3" type="stmt"/>
          <line num="13" count="0" type="stmt"/>
          <line num="15" count="0" type="stmt"/>
          <line num="24" count="0" type="stmt"/>
          <line num="26" count="0" type="stmt"/>
        </file>
      </package>
      <package name="dcreacttest.reducers">
        <metrics statements="8" coveredstatements="6" conditionals="6" coveredconditionals="4" methods="1" coveredmethods="1"/>
        <file name="index.js" path="/Users/david/Desktop/dcreacttest/reducers/index.js">
          <metrics statements="1" coveredstatements="1" conditionals="0" coveredconditionals="0" methods="0" coveredmethods="0"/>
          <line num="4" count="3" type="stmt"/>
        </file>
        <file name="weather.js" path="/Users/david/Desktop/dcreacttest/reducers/weather.js">
          <metrics statements="7" coveredstatements="5" conditionals="6" coveredconditionals="4" methods="1" coveredmethods="1"/>
          <line num="3" count="4" type="stmt"/>
          <line num="11" count="11" type="cond" truecount="3" falsecount="2"/>
          <line num="13" count="1" type="stmt"/>
          <line num="15" count="1" type="stmt"/>
          <line num="17" count="0" type="stmt"/>
          <line num="19" count="0" type="stmt"/>
          <line num="21" count="9" type="stmt"/>
        </file>
      </package>
      <package name="dcreacttest.screens">
        <metrics statements="48" coveredstatements="8" conditionals="35" coveredconditionals="0" methods="17" coveredmethods="0"/>
        <file name="SunriseScreen.js" path="/Users/david/Desktop/dcreacttest/screens/SunriseScreen.js">
          <metrics statements="19" coveredstatements="4" conditionals="13" coveredconditionals="0" methods="7" coveredmethods="0"/>
          <line num="16" count="3" type="stmt"/>
          <line num="28" count="0" type="stmt"/>
          <line num="29" count="0" type="stmt"/>
          <line num="35" count="0" type="cond" truecount="0" falsecount="4"/>
          <line num="36" count="0" type="stmt"/>
          <line num="37" count="0" type="stmt"/>
          <line num="40" count="0" type="stmt"/>
          <line num="46" count="0" type="stmt"/>
          <line num="47" count="0" type="stmt"/>
          <line num="50" count="0" type="stmt"/>
          <line num="56" count="0" type="stmt"/>
          <line num="57" count="0" type="cond" truecount="0" falsecount="3"/>
          <line num="59" count="0" type="cond" truecount="0" falsecount="2"/>
          <line num="60" count="0" type="stmt"/>
          <line num="66" count="0" type="stmt"/>
          <line num="116" count="3" type="stmt"/>
          <line num="120" count="3" type="stmt"/>
          <line num="121" count="0" type="stmt"/>
          <line num="130" count="3" type="stmt"/>
        </file>
        <file name="WeatherScreen.js" path="/Users/david/Desktop/dcreacttest/screens/WeatherScreen.js">
          <metrics statements="29" coveredstatements="4" conditionals="22" coveredconditionals="0" methods="10" coveredmethods="0"/>
          <line num="17" count="3" type="stmt"/>
          <line num="29" count="0" type="stmt"/>
          <line num="30" count="0" type="stmt"/>
          <line num="36" count="0" type="cond" truecount="0" falsecount="4"/>
          <line num="37" count="0" type="stmt"/>
          <line num="38" count="0" type="stmt"/>
          <line num="41" count="0" type="stmt"/>
          <line num="50" count="0" type="stmt"/>
          <line num="51" count="0" type="stmt"/>
          <line num="52" count="0" type="cond" truecount="0" falsecount="4"/>
          <line num="53" count="0" type="stmt"/>
          <line num="56" count="0" type="stmt"/>
          <line num="61" count="0" type="stmt"/>
          <line num="62" count="0" type="cond" truecount="0" falsecount="2"/>
          <line num="63" count="0" type="stmt"/>
          <line num="64" count="0" type="stmt"/>
          <line num="67" count="0" type="stmt"/>
          <line num="68" count="0" type="stmt"/>
          <line num="73" count="0" type="stmt"/>
          <line num="74" count="0" type="cond" truecount="0" falsecount="3"/>
          <line num="76" count="0" type="cond" truecount="0" falsecount="3"/>
          <line num="77" count="0" type="cond" truecount="0" falsecount="2"/>
          <line num="78" count="0" type="stmt"/>
          <line num="84" count="0" type="stmt"/>
          <line num="119" count="0" type="stmt"/>
          <line num="146" count="3" type="stmt"/>
          <line num="150" count="3" type="stmt"/>
          <line num="151" count="0" type="stmt"/>
          <line num="160" count="3" type="stmt"/>
        </file>
      </package>
      <package name="dcreacttest.store">
        <metrics statements="2" coveredstatements="2" conditionals="0" coveredconditionals="0" methods="1" coveredmethods="1"/>
        <file name="index.js" path="/Users/david/Desktop/dcreacttest/store/index.js">
          <metrics statements="2" coveredstatements="2" conditionals="0" coveredconditionals="0" methods="1" coveredmethods="1"/>
          <line num="5" count="3" type="stmt"/>
          <line num="16" count="3" type="stmt"/>
        </file>
      </package>
      <package name="dcreacttest.utils">
        <metrics statements="5" coveredstatements="4" conditionals="0" coveredconditionals="0" methods="1" coveredmethods="1"/>
        <file name="api.js" path="/Users/david/Desktop/dcreacttest/utils/api.js">
          <metrics statements="5" coveredstatements="4" conditionals="0" coveredconditionals="0" methods="1" coveredmethods="1"/>
          <line num="4" count="5" type="stmt"/>
          <line num="5" count="3" type="stmt"/>
          <line num="6" count="3" type="stmt"/>
          <line num="7" count="3" type="stmt"/>
          <line num="9" count="0" type="stmt"/>
        </file>
      </package>
    </metrics>
  </project>
</coverage>
