{"/Users/david/Desktop/Weather/App.js": {"path":"/Users/david/Desktop/Weather/App.js","statementMap":{"0":{"start":{"line":9,"column":14},"end":{"line":9,"column":21}},"1":{"start":{"line":17,"column":4},"end":{"line":17,"column":36}},"2":{"start":{"line":18,"column":4},"end":{"line":20,"column":7}},"3":{"start":{"line":24,"column":4},"end":{"line":27,"column":7}},"4":{"start":{"line":33,"column":4},"end":{"line":33,"column":24}},"5":{"start":{"line":37,"column":4},"end":{"line":37,"column":47}},"6":{"start":{"line":42,"column":34},"end":{"line":42,"column":44}},"7":{"start":{"line":43,"column":4},"end":{"line":51,"column":5}},"8":{"start":{"line":44,"column":6},"end":{"line":50,"column":8}},"9":{"start":{"line":52,"column":4},"end":{"line":59,"column":6}},"10":{"start":{"line":63,"column":15},"end":{"line":68,"column":2}}},"fnMap":{"0":{"name":"(anonymous_0)","decl":{"start":{"line":16,"column":2},"end":{"line":16,"column":3}},"loc":{"start":{"line":16,"column":28},"end":{"line":21,"column":3}},"line":16},"1":{"name":"(anonymous_1)","decl":{"start":{"line":23,"column":23},"end":{"line":23,"column":24}},"loc":{"start":{"line":23,"column":35},"end":{"line":28,"column":3}},"line":23},"2":{"name":"(anonymous_2)","decl":{"start":{"line":30,"column":23},"end":{"line":30,"column":24}},"loc":{"start":{"line":30,"column":32},"end":{"line":34,"column":3}},"line":30},"3":{"name":"(anonymous_3)","decl":{"start":{"line":36,"column":24},"end":{"line":36,"column":25}},"loc":{"start":{"line":36,"column":30},"end":{"line":38,"column":3}},"line":36},"4":{"name":"(anonymous_4)","decl":{"start":{"line":41,"column":2},"end":{"line":41,"column":3}},"loc":{"start":{"line":41,"column":11},"end":{"line":60,"column":3}},"line":41}},"branchMap":{"0":{"loc":{"start":{"line":43,"column":4},"end":{"line":51,"column":5}},"type":"if","locations":[{"start":{"line":43,"column":4},"end":{"line":51,"column":5}},{"start":{"line":43,"column":4},"end":{"line":51,"column":5}}],"line":43}},"s":{"0":1,"1":1,"2":1,"3":2,"4":0,"5":1,"6":3,"7":3,"8":1,"9":2,"10":1},"f":{"0":1,"1":2,"2":0,"3":1,"4":3},"b":{"0":[1,2]},"_coverageSchema":"332fd63041d2c1bcb487cc26dd0d5f7d97098a6c","hash":"f1b81cabb083ca866954ae5d81444c8ba9babbce"}
,"/Users/david/Desktop/Weather/actions/actionTypes.js": {"path":"/Users/david/Desktop/Weather/actions/actionTypes.js","statementMap":{"0":{"start":{"line":1,"column":28},"end":{"line":1,"column":42}},"1":{"start":{"line":2,"column":34},"end":{"line":2,"column":54}},"2":{"start":{"line":3,"column":36},"end":{"line":3,"column":58}}},"fnMap":{},"branchMap":{},"s":{"0":3,"1":3,"2":3},"f":{},"b":{},"_coverageSchema":"332fd63041d2c1bcb487cc26dd0d5f7d97098a6c","hash":"fbaf1c58bb31b1dd25484d649c2870dfc326042f"}
,"/Users/david/Desktop/Weather/actions/weather.js": {"path":"/Users/david/Desktop/Weather/actions/weather.js","statementMap":{"0":{"start":{"line":4,"column":27},"end":{"line":7,"column":2}},"1":{"start":{"line":4,"column":39},"end":{"line":7,"column":1}},"2":{"start":{"line":10,"column":32},"end":{"line":13,"column":2}},"3":{"start":{"line":10,"column":41},"end":{"line":13,"column":1}},"4":{"start":{"line":15,"column":37},"end":{"line":18,"column":2}},"5":{"start":{"line":15,"column":47},"end":{"line":18,"column":1}},"6":{"start":{"line":20,"column":30},"end":{"line":30,"column":1}},"7":{"start":{"line":20,"column":36},"end":{"line":30,"column":1}},"8":{"start":{"line":21,"column":4},"end":{"line":29,"column":11}},"9":{"start":{"line":24,"column":12},"end":{"line":24,"column":45}},"10":{"start":{"line":27,"column":12},"end":{"line":27,"column":46}},"11":{"start":{"line":28,"column":12},"end":{"line":28,"column":68}}},"fnMap":{"0":{"name":"(anonymous_0)","decl":{"start":{"line":4,"column":27},"end":{"line":4,"column":28}},"loc":{"start":{"line":4,"column":39},"end":{"line":7,"column":1}},"line":4},"1":{"name":"(anonymous_1)","decl":{"start":{"line":10,"column":32},"end":{"line":10,"column":33}},"loc":{"start":{"line":10,"column":41},"end":{"line":13,"column":1}},"line":10},"2":{"name":"(anonymous_2)","decl":{"start":{"line":15,"column":37},"end":{"line":15,"column":38}},"loc":{"start":{"line":15,"column":47},"end":{"line":18,"column":1}},"line":15},"3":{"name":"(anonymous_3)","decl":{"start":{"line":20,"column":30},"end":{"line":20,"column":31}},"loc":{"start":{"line":20,"column":36},"end":{"line":30,"column":1}},"line":20},"4":{"name":"(anonymous_4)","decl":{"start":{"line":20,"column":36},"end":{"line":20,"column":37}},"loc":{"start":{"line":20,"column":50},"end":{"line":30,"column":1}},"line":20},"5":{"name":"(anonymous_5)","decl":{"start":{"line":22,"column":14},"end":{"line":22,"column":15}},"loc":{"start":{"line":22,"column":24},"end":{"line":25,"column":9}},"line":22},"6":{"name":"(anonymous_6)","decl":{"start":{"line":26,"column":15},"end":{"line":26,"column":16}},"loc":{"start":{"line":26,"column":24},"end":{"line":29,"column":9}},"line":26}},"branchMap":{"0":{"loc":{"start":{"line":28,"column":43},"end":{"line":28,"column":65}},"type":"binary-expr","locations":[{"start":{"line":28,"column":43},"end":{"line":28,"column":54}},{"start":{"line":28,"column":58},"end":{"line":28,"column":65}}],"line":28}},"s":{"0":2,"1":1,"2":2,"3":0,"4":2,"5":0,"6":2,"7":1,"8":1,"9":1,"10":0,"11":0},"f":{"0":1,"1":0,"2":0,"3":1,"4":1,"5":1,"6":0},"b":{"0":[0,0]},"_coverageSchema":"332fd63041d2c1bcb487cc26dd0d5f7d97098a6c","hash":"7592657ce85df5a0d30f25dea16d45a669a6a211"}
,"/Users/david/Desktop/Weather/components/Spinner.js": {"path":"/Users/david/Desktop/Weather/components/Spinner.js","statementMap":{"0":{"start":{"line":5,"column":15},"end":{"line":11,"column":1}},"1":{"start":{"line":13,"column":16},"end":{"line":17,"column":1}},"2":{"start":{"line":14,"column":4},"end":{"line":16,"column":11}},"3":{"start":{"line":19,"column":0},"end":{"line":22,"column":2}},"4":{"start":{"line":24,"column":0},"end":{"line":27,"column":2}}},"fnMap":{"0":{"name":"(anonymous_0)","decl":{"start":{"line":13,"column":16},"end":{"line":13,"column":17}},"loc":{"start":{"line":14,"column":4},"end":{"line":16,"column":11}},"line":14}},"branchMap":{"0":{"loc":{"start":{"line":15,"column":33},"end":{"line":15,"column":48}},"type":"binary-expr","locations":[{"start":{"line":15,"column":33},"end":{"line":15,"column":37}},{"start":{"line":15,"column":41},"end":{"line":15,"column":48}}],"line":15},"1":{"loc":{"start":{"line":15,"column":57},"end":{"line":15,"column":75}},"type":"binary-expr","locations":[{"start":{"line":15,"column":57},"end":{"line":15,"column":62}},{"start":{"line":15,"column":66},"end":{"line":15,"column":75}}],"line":15}},"s":{"0":2,"1":2,"2":3,"3":2,"4":2},"f":{"0":3},"b":{"0":[3,0],"1":[3,0]},"_coverageSchema":"332fd63041d2c1bcb487cc26dd0d5f7d97098a6c","hash":"83d4105e96c8ce774c7fadcc8412340e500a4bd9"}
,"/Users/david/Desktop/Weather/components/TabBarIcon.js": {"path":"/Users/david/Desktop/Weather/components/TabBarIcon.js","statementMap":{"0":{"start":{"line":8,"column":8},"end":{"line":15,"column":10}}},"fnMap":{"0":{"name":"(anonymous_0)","decl":{"start":{"line":7,"column":4},"end":{"line":7,"column":5}},"loc":{"start":{"line":7,"column":13},"end":{"line":16,"column":5}},"line":7}},"branchMap":{"0":{"loc":{"start":{"line":13,"column":23},"end":{"line":13,"column":90}},"type":"cond-expr","locations":[{"start":{"line":13,"column":44},"end":{"line":13,"column":66}},{"start":{"line":13,"column":69},"end":{"line":13,"column":90}}],"line":13}},"s":{"0":0},"f":{"0":0},"b":{"0":[0,0]},"_coverageSchema":"332fd63041d2c1bcb487cc26dd0d5f7d97098a6c","hash":"f5a867ea22f221e5d0f7bc02e4ae39ed3ddcedef"}
,"/Users/david/Desktop/Weather/constants/Colors.js": {"path":"/Users/david/Desktop/Weather/constants/Colors.js","statementMap":{"0":{"start":{"line":1,"column":18},"end":{"line":1,"column":27}}},"fnMap":{},"branchMap":{},"s":{"0":1},"f":{},"b":{},"_coverageSchema":"332fd63041d2c1bcb487cc26dd0d5f7d97098a6c","hash":"71bcde63ace8c366b15d7416662412d38e6adb47"}
,"/Users/david/Desktop/Weather/navigation/Navigator.js": {"path":"/Users/david/Desktop/Weather/navigation/Navigator.js","statementMap":{"0":{"start":{"line":10,"column":32},"end":{"line":33,"column":2}},"1":{"start":{"line":13,"column":34},"end":{"line":20,"column":9}},"2":{"start":{"line":15,"column":16},"end":{"line":18,"column":18}},"3":{"start":{"line":24,"column":34},"end":{"line":31,"column":9}},"4":{"start":{"line":26,"column":16},"end":{"line":29,"column":18}}},"fnMap":{"0":{"name":"(anonymous_0)","decl":{"start":{"line":13,"column":27},"end":{"line":13,"column":28}},"loc":{"start":{"line":13,"column":34},"end":{"line":20,"column":9}},"line":13},"1":{"name":"(anonymous_1)","decl":{"start":{"line":14,"column":24},"end":{"line":14,"column":25}},"loc":{"start":{"line":15,"column":16},"end":{"line":18,"column":18}},"line":15},"2":{"name":"(anonymous_2)","decl":{"start":{"line":24,"column":27},"end":{"line":24,"column":28}},"loc":{"start":{"line":24,"column":34},"end":{"line":31,"column":9}},"line":24},"3":{"name":"(anonymous_3)","decl":{"start":{"line":25,"column":24},"end":{"line":25,"column":25}},"loc":{"start":{"line":26,"column":16},"end":{"line":29,"column":18}},"line":26}},"branchMap":{},"s":{"0":1,"1":0,"2":0,"3":0,"4":0},"f":{"0":0,"1":0,"2":0,"3":0},"b":{},"_coverageSchema":"332fd63041d2c1bcb487cc26dd0d5f7d97098a6c","hash":"fbb3a0180b8fc76b5eac17eeeada2cfa6a6a29c6"}
,"/Users/david/Desktop/Weather/reducers/index.js": {"path":"/Users/david/Desktop/Weather/reducers/index.js","statementMap":{"0":{"start":{"line":4,"column":20},"end":{"line":6,"column":2}}},"fnMap":{},"branchMap":{},"s":{"0":1},"f":{},"b":{},"_coverageSchema":"332fd63041d2c1bcb487cc26dd0d5f7d97098a6c","hash":"e0ecb6e8f728b5926e5cab6b2cac150d458c4079"}
,"/Users/david/Desktop/Weather/reducers/weather.js": {"path":"/Users/david/Desktop/Weather/reducers/weather.js","statementMap":{"0":{"start":{"line":3,"column":23},"end":{"line":23,"column":1}},"1":{"start":{"line":11,"column":4},"end":{"line":22,"column":5}},"2":{"start":{"line":13,"column":12},"end":{"line":13,"column":57}},"3":{"start":{"line":15,"column":12},"end":{"line":15,"column":57}},"4":{"start":{"line":17,"column":12},"end":{"line":17,"column":59}},"5":{"start":{"line":19,"column":12},"end":{"line":19,"column":53}},"6":{"start":{"line":21,"column":12},"end":{"line":21,"column":25}}},"fnMap":{"0":{"name":"(anonymous_0)","decl":{"start":{"line":3,"column":23},"end":{"line":3,"column":24}},"loc":{"start":{"line":10,"column":5},"end":{"line":23,"column":1}},"line":10}},"branchMap":{"0":{"loc":{"start":{"line":4,"column":4},"end":{"line":8,"column":5}},"type":"default-arg","locations":[{"start":{"line":4,"column":12},"end":{"line":8,"column":5}}],"line":4},"1":{"loc":{"start":{"line":11,"column":4},"end":{"line":22,"column":5}},"type":"switch","locations":[{"start":{"line":12,"column":8},"end":{"line":13,"column":57}},{"start":{"line":14,"column":8},"end":{"line":15,"column":57}},{"start":{"line":16,"column":8},"end":{"line":17,"column":59}},{"start":{"line":18,"column":8},"end":{"line":19,"column":53}},{"start":{"line":20,"column":8},"end":{"line":21,"column":25}}],"line":11}},"s":{"0":2,"1":5,"2":1,"3":1,"4":0,"5":0,"6":3},"f":{"0":5},"b":{"0":[4],"1":[1,1,0,0,3]},"_coverageSchema":"332fd63041d2c1bcb487cc26dd0d5f7d97098a6c","hash":"30fc4477e05e91b22761ee2be98887ef96dd21fe"}
,"/Users/david/Desktop/Weather/screens/SunriseScreen.js": {"path":"/Users/david/Desktop/Weather/screens/SunriseScreen.js","statementMap":{"0":{"start":{"line":16,"column":18},"end":{"line":16,"column":42}},"1":{"start":{"line":28,"column":8},"end":{"line":33,"column":17}},"2":{"start":{"line":29,"column":12},"end":{"line":32,"column":14}},"3":{"start":{"line":35,"column":8},"end":{"line":41,"column":9}},"4":{"start":{"line":36,"column":12},"end":{"line":36,"column":36}},"5":{"start":{"line":37,"column":12},"end":{"line":37,"column":45}},"6":{"start":{"line":40,"column":12},"end":{"line":40,"column":45}},"7":{"start":{"line":46,"column":8},"end":{"line":51,"column":9}},"8":{"start":{"line":47,"column":12},"end":{"line":47,"column":42}},"9":{"start":{"line":50,"column":12},"end":{"line":50,"column":43}},"10":{"start":{"line":56,"column":39},"end":{"line":56,"column":49}},"11":{"start":{"line":57,"column":33},"end":{"line":57,"column":115}},"12":{"start":{"line":59,"column":8},"end":{"line":65,"column":9}},"13":{"start":{"line":60,"column":12},"end":{"line":64,"column":13}},"14":{"start":{"line":66,"column":8},"end":{"line":113,"column":10}},"15":{"start":{"line":116,"column":24},"end":{"line":118,"column":2}},"16":{"start":{"line":116,"column":34},"end":{"line":118,"column":1}},"17":{"start":{"line":120,"column":27},"end":{"line":122,"column":2}},"18":{"start":{"line":120,"column":40},"end":{"line":122,"column":1}},"19":{"start":{"line":121,"column":22},"end":{"line":121,"column":48}},"20":{"start":{"line":130,"column":15},"end":{"line":193,"column":2}}},"fnMap":{"0":{"name":"(anonymous_0)","decl":{"start":{"line":27,"column":4},"end":{"line":27,"column":5}},"loc":{"start":{"line":27,"column":30},"end":{"line":43,"column":5}},"line":27},"1":{"name":"(anonymous_1)","decl":{"start":{"line":28,"column":20},"end":{"line":28,"column":21}},"loc":{"start":{"line":28,"column":26},"end":{"line":33,"column":9}},"line":28},"2":{"name":"(anonymous_2)","decl":{"start":{"line":45,"column":17},"end":{"line":45,"column":18}},"loc":{"start":{"line":45,"column":29},"end":{"line":52,"column":5}},"line":45},"3":{"name":"(anonymous_3)","decl":{"start":{"line":55,"column":4},"end":{"line":55,"column":5}},"loc":{"start":{"line":55,"column":13},"end":{"line":114,"column":5}},"line":55},"4":{"name":"(anonymous_4)","decl":{"start":{"line":116,"column":24},"end":{"line":116,"column":25}},"loc":{"start":{"line":116,"column":34},"end":{"line":118,"column":1}},"line":116},"5":{"name":"(anonymous_5)","decl":{"start":{"line":120,"column":27},"end":{"line":120,"column":28}},"loc":{"start":{"line":120,"column":40},"end":{"line":122,"column":1}},"line":120},"6":{"name":"(anonymous_6)","decl":{"start":{"line":121,"column":16},"end":{"line":121,"column":17}},"loc":{"start":{"line":121,"column":22},"end":{"line":121,"column":48}},"line":121}},"branchMap":{"0":{"loc":{"start":{"line":35,"column":8},"end":{"line":41,"column":9}},"type":"if","locations":[{"start":{"line":35,"column":8},"end":{"line":41,"column":9}},{"start":{"line":35,"column":8},"end":{"line":41,"column":9}}],"line":35},"1":{"loc":{"start":{"line":35,"column":12},"end":{"line":35,"column":67}},"type":"binary-expr","locations":[{"start":{"line":35,"column":12},"end":{"line":35,"column":30}},{"start":{"line":35,"column":34},"end":{"line":35,"column":67}}],"line":35},"2":{"loc":{"start":{"line":57,"column":33},"end":{"line":57,"column":115}},"type":"binary-expr","locations":[{"start":{"line":57,"column":33},"end":{"line":57,"column":51}},{"start":{"line":57,"column":55},"end":{"line":57,"column":81}},{"start":{"line":57,"column":85},"end":{"line":57,"column":115}}],"line":57},"3":{"loc":{"start":{"line":59,"column":8},"end":{"line":65,"column":9}},"type":"if","locations":[{"start":{"line":59,"column":8},"end":{"line":65,"column":9}},{"start":{"line":59,"column":8},"end":{"line":65,"column":9}}],"line":59},"4":{"loc":{"start":{"line":95,"column":96},"end":{"line":95,"column":139}},"type":"binary-expr","locations":[{"start":{"line":95,"column":96},"end":{"line":95,"column":112}},{"start":{"line":95,"column":116},"end":{"line":95,"column":139}}],"line":95},"5":{"loc":{"start":{"line":103,"column":95},"end":{"line":103,"column":139}},"type":"binary-expr","locations":[{"start":{"line":103,"column":95},"end":{"line":103,"column":111}},{"start":{"line":103,"column":115},"end":{"line":103,"column":139}}],"line":103}},"s":{"0":1,"1":0,"2":0,"3":0,"4":0,"5":0,"6":0,"7":0,"8":0,"9":0,"10":0,"11":0,"12":0,"13":0,"14":0,"15":1,"16":0,"17":1,"18":0,"19":0,"20":1},"f":{"0":0,"1":0,"2":0,"3":0,"4":0,"5":0,"6":0},"b":{"0":[0,0],"1":[0,0],"2":[0,0,0],"3":[0,0],"4":[0,0],"5":[0,0]},"_coverageSchema":"332fd63041d2c1bcb487cc26dd0d5f7d97098a6c","hash":"e845285b554c632df575dda375d81cc84a28f2a8"}
,"/Users/david/Desktop/Weather/screens/WeatherScreen.js": {"path":"/Users/david/Desktop/Weather/screens/WeatherScreen.js","statementMap":{"0":{"start":{"line":17,"column":18},"end":{"line":17,"column":42}},"1":{"start":{"line":29,"column":8},"end":{"line":34,"column":17}},"2":{"start":{"line":30,"column":12},"end":{"line":33,"column":14}},"3":{"start":{"line":36,"column":8},"end":{"line":42,"column":9}},"4":{"start":{"line":37,"column":12},"end":{"line":37,"column":36}},"5":{"start":{"line":38,"column":12},"end":{"line":38,"column":45}},"6":{"start":{"line":41,"column":12},"end":{"line":41,"column":45}},"7":{"start":{"line":50,"column":8},"end":{"line":57,"column":9}},"8":{"start":{"line":51,"column":12},"end":{"line":51,"column":42}},"9":{"start":{"line":52,"column":25},"end":{"line":52,"column":148}},"10":{"start":{"line":53,"column":12},"end":{"line":53,"column":64}},"11":{"start":{"line":56,"column":12},"end":{"line":56,"column":43}},"12":{"start":{"line":61,"column":36},"end":{"line":61,"column":46}},"13":{"start":{"line":62,"column":8},"end":{"line":69,"column":9}},"14":{"start":{"line":63,"column":26},"end":{"line":63,"column":43}},"15":{"start":{"line":64,"column":12},"end":{"line":64,"column":75}},"16":{"start":{"line":67,"column":26},"end":{"line":67,"column":46}},"17":{"start":{"line":68,"column":12},"end":{"line":68,"column":74}},"18":{"start":{"line":73,"column":56},"end":{"line":73,"column":66}},"19":{"start":{"line":74,"column":33},"end":{"line":74,"column":122}},"20":{"start":{"line":76,"column":21},"end":{"line":76,"column":104}},"21":{"start":{"line":77,"column":8},"end":{"line":83,"column":9}},"22":{"start":{"line":78,"column":12},"end":{"line":82,"column":13}},"23":{"start":{"line":84,"column":8},"end":{"line":142,"column":10}},"24":{"start":{"line":119,"column":87},"end":{"line":119,"column":105}},"25":{"start":{"line":146,"column":24},"end":{"line":148,"column":2}},"26":{"start":{"line":146,"column":34},"end":{"line":148,"column":1}},"27":{"start":{"line":150,"column":27},"end":{"line":152,"column":2}},"28":{"start":{"line":150,"column":40},"end":{"line":152,"column":1}},"29":{"start":{"line":151,"column":22},"end":{"line":151,"column":48}},"30":{"start":{"line":160,"column":15},"end":{"line":231,"column":2}}},"fnMap":{"0":{"name":"(anonymous_0)","decl":{"start":{"line":28,"column":4},"end":{"line":28,"column":5}},"loc":{"start":{"line":28,"column":30},"end":{"line":44,"column":5}},"line":28},"1":{"name":"(anonymous_1)","decl":{"start":{"line":29,"column":20},"end":{"line":29,"column":21}},"loc":{"start":{"line":29,"column":26},"end":{"line":34,"column":9}},"line":29},"2":{"name":"(anonymous_2)","decl":{"start":{"line":45,"column":4},"end":{"line":45,"column":5}},"loc":{"start":{"line":45,"column":17},"end":{"line":47,"column":5}},"line":45},"3":{"name":"(anonymous_3)","decl":{"start":{"line":49,"column":17},"end":{"line":49,"column":18}},"loc":{"start":{"line":49,"column":29},"end":{"line":58,"column":5}},"line":49},"4":{"name":"(anonymous_4)","decl":{"start":{"line":60,"column":18},"end":{"line":60,"column":19}},"loc":{"start":{"line":60,"column":24},"end":{"line":70,"column":5}},"line":60},"5":{"name":"(anonymous_5)","decl":{"start":{"line":72,"column":4},"end":{"line":72,"column":5}},"loc":{"start":{"line":72,"column":13},"end":{"line":143,"column":5}},"line":72},"6":{"name":"(anonymous_6)","decl":{"start":{"line":119,"column":81},"end":{"line":119,"column":82}},"loc":{"start":{"line":119,"column":87},"end":{"line":119,"column":105}},"line":119},"7":{"name":"(anonymous_7)","decl":{"start":{"line":146,"column":24},"end":{"line":146,"column":25}},"loc":{"start":{"line":146,"column":34},"end":{"line":148,"column":1}},"line":146},"8":{"name":"(anonymous_8)","decl":{"start":{"line":150,"column":27},"end":{"line":150,"column":28}},"loc":{"start":{"line":150,"column":40},"end":{"line":152,"column":1}},"line":150},"9":{"name":"(anonymous_9)","decl":{"start":{"line":151,"column":16},"end":{"line":151,"column":17}},"loc":{"start":{"line":151,"column":22},"end":{"line":151,"column":48}},"line":151}},"branchMap":{"0":{"loc":{"start":{"line":36,"column":8},"end":{"line":42,"column":9}},"type":"if","locations":[{"start":{"line":36,"column":8},"end":{"line":42,"column":9}},{"start":{"line":36,"column":8},"end":{"line":42,"column":9}}],"line":36},"1":{"loc":{"start":{"line":36,"column":12},"end":{"line":36,"column":67}},"type":"binary-expr","locations":[{"start":{"line":36,"column":12},"end":{"line":36,"column":30}},{"start":{"line":36,"column":34},"end":{"line":36,"column":67}}],"line":36},"2":{"loc":{"start":{"line":52,"column":25},"end":{"line":52,"column":148}},"type":"binary-expr","locations":[{"start":{"line":52,"column":25},"end":{"line":52,"column":43}},{"start":{"line":52,"column":47},"end":{"line":52,"column":73}},{"start":{"line":52,"column":77},"end":{"line":52,"column":108}},{"start":{"line":52,"column":112},"end":{"line":52,"column":148}}],"line":52},"3":{"loc":{"start":{"line":62,"column":8},"end":{"line":69,"column":9}},"type":"if","locations":[{"start":{"line":62,"column":8},"end":{"line":69,"column":9}},{"start":{"line":62,"column":8},"end":{"line":69,"column":9}}],"line":62},"4":{"loc":{"start":{"line":74,"column":33},"end":{"line":74,"column":122}},"type":"binary-expr","locations":[{"start":{"line":74,"column":33},"end":{"line":74,"column":51}},{"start":{"line":74,"column":55},"end":{"line":74,"column":81}},{"start":{"line":74,"column":85},"end":{"line":74,"column":122}}],"line":74},"5":{"loc":{"start":{"line":76,"column":21},"end":{"line":76,"column":104}},"type":"binary-expr","locations":[{"start":{"line":76,"column":21},"end":{"line":76,"column":39}},{"start":{"line":76,"column":43},"end":{"line":76,"column":69}},{"start":{"line":76,"column":73},"end":{"line":76,"column":104}}],"line":76},"6":{"loc":{"start":{"line":77,"column":8},"end":{"line":83,"column":9}},"type":"if","locations":[{"start":{"line":77,"column":8},"end":{"line":83,"column":9}},{"start":{"line":77,"column":8},"end":{"line":83,"column":9}}],"line":77},"7":{"loc":{"start":{"line":121,"column":41},"end":{"line":121,"column":64}},"type":"cond-expr","locations":[{"start":{"line":121,"column":53},"end":{"line":121,"column":57}},{"start":{"line":121,"column":60},"end":{"line":121,"column":64}}],"line":121},"8":{"loc":{"start":{"line":135,"column":82},"end":{"line":135,"column":100}},"type":"binary-expr","locations":[{"start":{"line":135,"column":82},"end":{"line":135,"column":86}},{"start":{"line":135,"column":90},"end":{"line":135,"column":100}}],"line":135}},"s":{"0":1,"1":0,"2":0,"3":0,"4":0,"5":0,"6":0,"7":0,"8":0,"9":0,"10":0,"11":0,"12":0,"13":0,"14":0,"15":0,"16":0,"17":0,"18":0,"19":0,"20":0,"21":0,"22":0,"23":0,"24":0,"25":1,"26":0,"27":1,"28":0,"29":0,"30":1},"f":{"0":0,"1":0,"2":0,"3":0,"4":0,"5":0,"6":0,"7":0,"8":0,"9":0},"b":{"0":[0,0],"1":[0,0],"2":[0,0,0,0],"3":[0,0],"4":[0,0,0],"5":[0,0,0],"6":[0,0],"7":[0,0],"8":[0,0]},"_coverageSchema":"332fd63041d2c1bcb487cc26dd0d5f7d97098a6c","hash":"01e58a77fc60d0b612102621762ddce39584ec7e"}
,"/Users/david/Desktop/Weather/store/index.js": {"path":"/Users/david/Desktop/Weather/store/index.js","statementMap":{"0":{"start":{"line":5,"column":20},"end":{"line":12,"column":1}},"1":{"start":{"line":16,"column":4},"end":{"line":20,"column":6}}},"fnMap":{"0":{"name":"configureStore","decl":{"start":{"line":15,"column":24},"end":{"line":15,"column":38}},"loc":{"start":{"line":15,"column":55},"end":{"line":21,"column":1}},"line":15}},"branchMap":{},"s":{"0":1,"1":1},"f":{"0":1},"b":{},"_coverageSchema":"332fd63041d2c1bcb487cc26dd0d5f7d97098a6c","hash":"6c85b1ec1491784af8cef36ea7feed285fe5a5e5"}
,"/Users/david/Desktop/Weather/utils/api.js": {"path":"/Users/david/Desktop/Weather/utils/api.js","statementMap":{"0":{"start":{"line":4,"column":26},"end":{"line":11,"column":1}},"1":{"start":{"line":5,"column":4},"end":{"line":10,"column":5}},"2":{"start":{"line":6,"column":21},"end":{"line":6,"column":136}},"3":{"start":{"line":7,"column":8},"end":{"line":7,"column":20}},"4":{"start":{"line":9,"column":8},"end":{"line":9,"column":19}}},"fnMap":{"0":{"name":"(anonymous_0)","decl":{"start":{"line":4,"column":26},"end":{"line":4,"column":27}},"loc":{"start":{"line":4,"column":38},"end":{"line":11,"column":1}},"line":4}},"branchMap":{},"s":{"0":3,"1":3,"2":3,"3":3,"4":0},"f":{"0":3},"b":{},"_coverageSchema":"332fd63041d2c1bcb487cc26dd0d5f7d97098a6c","hash":"ee3476181bc22e00dbfcc35048baf73a7a38a564"}
}
