TN:
SF:/Users/david/Desktop/dcreacttest/App.js
FN:16,(anonymous_0)
FN:23,(anonymous_1)
FN:30,(anonymous_2)
FN:36,(anonymous_3)
FN:41,(anonymous_4)
FNF:5
FNH:4
FNDA:1,(anonymous_0)
FNDA:2,(anonymous_1)
FNDA:0,(anonymous_2)
FNDA:1,(anonymous_3)
FNDA:3,(anonymous_4)
DA:9,3
DA:17,1
DA:18,1
DA:24,2
DA:33,0
DA:37,1
DA:42,3
DA:43,3
DA:44,1
DA:52,2
DA:63,3
LF:11
LH:10
BRDA:43,0,0,1
BRDA:43,0,1,2
BRF:2
BRH:2
end_of_record
TN:
SF:/Users/david/Desktop/dcreacttest/actions/actionTypes.js
FNF:0
FNH:0
DA:1,5
DA:2,5
DA:3,5
LF:3
LH:3
BRF:0
BRH:0
end_of_record
TN:
SF:/Users/david/Desktop/dcreacttest/actions/weather.js
FN:4,(anonymous_0)
FN:10,(anonymous_1)
FN:15,(anonymous_2)
FN:20,(anonymous_3)
FN:20,(anonymous_4)
FN:22,(anonymous_5)
FN:26,(anonymous_6)
FNF:7
FNH:4
FNDA:1,(anonymous_0)
FNDA:0,(anonymous_1)
FNDA:0,(anonymous_2)
FNDA:1,(anonymous_3)
FNDA:1,(anonymous_4)
FNDA:1,(anonymous_5)
FNDA:0,(anonymous_6)
DA:4,4
DA:10,4
DA:15,4
DA:20,4
DA:21,1
DA:24,1
DA:27,0
DA:28,0
LF:8
LH:6
BRDA:28,0,0,0
BRDA:28,0,1,0
BRF:2
BRH:0
end_of_record
TN:
SF:/Users/david/Desktop/dcreacttest/components/Spinner.js
FN:13,(anonymous_0)
FNF:1
FNH:1
FNDA:2,(anonymous_0)
DA:5,4
DA:13,4
DA:14,2
DA:19,4
DA:24,4
LF:5
LH:5
BRDA:15,0,0,2
BRDA:15,0,1,0
BRDA:15,1,0,2
BRDA:15,1,1,0
BRF:4
BRH:2
end_of_record
TN:
SF:/Users/david/Desktop/dcreacttest/components/TabBarIcon.js
FN:7,(anonymous_0)
FNF:1
FNH:0
FNDA:0,(anonymous_0)
DA:8,0
LF:1
LH:0
BRDA:13,0,0,0
BRDA:13,0,1,0
BRF:2
BRH:0
end_of_record
TN:
SF:/Users/david/Desktop/dcreacttest/constants/Colors.js
FNF:0
FNH:0
DA:1,3
LF:1
LH:1
BRF:0
BRH:0
end_of_record
TN:
SF:/Users/david/Desktop/dcreacttest/navigation/Navigator.js
FN:13,(anonymous_0)
FN:14,(anonymous_1)
FN:24,(anonymous_2)
FN:25,(anonymous_3)
FNF:4
FNH:0
FNDA:0,(anonymous_0)
FNDA:0,(anonymous_1)
FNDA:0,(anonymous_2)
FNDA:0,(anonymous_3)
DA:10,3
DA:13,0
DA:15,0
DA:24,0
DA:26,0
LF:5
LH:1
BRF:0
BRH:0
end_of_record
TN:
SF:/Users/david/Desktop/dcreacttest/reducers/index.js
FNF:0
FNH:0
DA:4,3
LF:1
LH:1
BRF:0
BRH:0
end_of_record
TN:
SF:/Users/david/Desktop/dcreacttest/reducers/weather.js
FN:3,(anonymous_0)
FNF:1
FNH:1
FNDA:11,(anonymous_0)
DA:3,4
DA:11,11
DA:13,1
DA:15,1
DA:17,0
DA:19,0
DA:21,9
LF:7
LH:5
BRDA:4,0,0,10
BRDA:11,1,0,1
BRDA:11,1,1,1
BRDA:11,1,2,0
BRDA:11,1,3,0
BRDA:11,1,4,9
BRF:6
BRH:4
end_of_record
TN:
SF:/Users/david/Desktop/dcreacttest/screens/SunriseScreen.js
FN:27,(anonymous_0)
FN:28,(anonymous_1)
FN:45,(anonymous_2)
FN:55,(anonymous_3)
FN:116,(anonymous_4)
FN:120,(anonymous_5)
FN:121,(anonymous_6)
FNF:7
FNH:0
FNDA:0,(anonymous_0)
FNDA:0,(anonymous_1)
FNDA:0,(anonymous_2)
FNDA:0,(anonymous_3)
FNDA:0,(anonymous_4)
FNDA:0,(anonymous_5)
FNDA:0,(anonymous_6)
DA:16,3
DA:28,0
DA:29,0
DA:35,0
DA:36,0
DA:37,0
DA:40,0
DA:46,0
DA:47,0
DA:50,0
DA:56,0
DA:57,0
DA:59,0
DA:60,0
DA:66,0
DA:116,3
DA:120,3
DA:121,0
DA:130,3
LF:19
LH:4
BRDA:35,0,0,0
BRDA:35,0,1,0
BRDA:35,1,0,0
BRDA:35,1,1,0
BRDA:57,2,0,0
BRDA:57,2,1,0
BRDA:57,2,2,0
BRDA:59,3,0,0
BRDA:59,3,1,0
BRDA:95,4,0,0
BRDA:95,4,1,0
BRDA:103,5,0,0
BRDA:103,5,1,0
BRF:13
BRH:0
end_of_record
TN:
SF:/Users/david/Desktop/dcreacttest/screens/WeatherScreen.js
FN:28,(anonymous_0)
FN:29,(anonymous_1)
FN:45,(anonymous_2)
FN:49,(anonymous_3)
FN:60,(anonymous_4)
FN:72,(anonymous_5)
FN:119,(anonymous_6)
FN:146,(anonymous_7)
FN:150,(anonymous_8)
FN:151,(anonymous_9)
FNF:10
FNH:0
FNDA:0,(anonymous_0)
FNDA:0,(anonymous_1)
FNDA:0,(anonymous_2)
FNDA:0,(anonymous_3)
FNDA:0,(anonymous_4)
FNDA:0,(anonymous_5)
FNDA:0,(anonymous_6)
FNDA:0,(anonymous_7)
FNDA:0,(anonymous_8)
FNDA:0,(anonymous_9)
DA:17,3
DA:29,0
DA:30,0
DA:36,0
DA:37,0
DA:38,0
DA:41,0
DA:50,0
DA:51,0
DA:52,0
DA:53,0
DA:56,0
DA:61,0
DA:62,0
DA:63,0
DA:64,0
DA:67,0
DA:68,0
DA:73,0
DA:74,0
DA:76,0
DA:77,0
DA:78,0
DA:84,0
DA:119,0
DA:146,3
DA:150,3
DA:151,0
DA:160,3
LF:29
LH:4
BRDA:36,0,0,0
BRDA:36,0,1,0
BRDA:36,1,0,0
BRDA:36,1,1,0
BRDA:52,2,0,0
BRDA:52,2,1,0
BRDA:52,2,2,0
BRDA:52,2,3,0
BRDA:62,3,0,0
BRDA:62,3,1,0
BRDA:74,4,0,0
BRDA:74,4,1,0
BRDA:74,4,2,0
BRDA:76,5,0,0
BRDA:76,5,1,0
BRDA:76,5,2,0
BRDA:77,6,0,0
BRDA:77,6,1,0
BRDA:121,7,0,0
BRDA:121,7,1,0
BRDA:135,8,0,0
BRDA:135,8,1,0
BRF:22
BRH:0
end_of_record
TN:
SF:/Users/david/Desktop/dcreacttest/store/index.js
FN:15,configureStore
FNF:1
FNH:1
FNDA:3,configureStore
DA:5,3
DA:16,3
LF:2
LH:2
BRF:0
BRH:0
end_of_record
TN:
SF:/Users/david/Desktop/dcreacttest/utils/api.js
FN:4,(anonymous_0)
FNF:1
FNH:1
FNDA:3,(anonymous_0)
DA:4,5
DA:5,3
DA:6,3
DA:7,3
DA:9,0
LF:5
LH:4
BRF:0
BRH:0
end_of_record
